<?xml version="1.0" encoding="UTF-8"?>
<testsuite xmlns:xsi="http://www.w3.org/2001/XMLSchema-instance" xsi:noNamespaceSchemaLocation="https://maven.apache.org/surefire/maven-surefire-plugin/xsd/surefire-test-report-3.0.xsd" version="3.0" name="com.tickets.app.TicketsApplicationTests" time="18.21" tests="1" errors="0" skipped="0" failures="0">
  <properties>
[...]
</properties>
  <testcase name="contextLoads" classname="com.tickets.app.TicketsApplicationTests" time="0.59">
    <system-out><![CDATA[19:40:20.470 [main] INFO org.springframework.test.context.support.AnnotationConfigContextLoaderUtils -- Could not detect default configuration classes for test class [com.tickets.app.TicketsApplicationTests]: TicketsApplicationTests does not declare any static, non-private, non-final, nested classes annotated with @Configuration.
19:40:20.546 [main] INFO org.springframework.boot.test.context.SpringBootTestContextBootstrapper -- Found @SpringBootConfiguration com.tickets.app.TicketsApplication for test class com.tickets.app.TicketsApplicationTests
19:40:20.668 [main] INFO org.springframework.boot.devtools.restart.RestartApplicationListener -- Restart disabled due to context in which it is running

  .   ____          _            __ _ _
 /\\ / ___'_ __ _ _(_)_ __  __ _ \ \ \ \
( ( )\___ | '_ | '_| | '_ \/ _` | \ \ \ \
 \\/  ___)| |_)| | | | | || (_| |  ) ) ) )
  '  |____| .__|_| |_|_| |_\__, | / / / /
 =========|_|==============|___/=/_/_/_/
 :: Spring Boot ::                (v3.1.5)

2023-11-26T19:40:20.855-05:00  INFO 2172 --- [           main] c.tickets.app.TicketsApplicationTests    : Starting TicketsApplicationTests using Java 17.0.6 with PID 2172 (started by USUARIO in D:\USUARIO\Documents\angelly\tickets)
2023-11-26T19:40:20.856-05:00  INFO 2172 --- [           main] c.tickets.app.TicketsApplicationTests    : No active profile set, falling back to 1 default profile: "default"
2023-11-26T19:40:21.295-05:00  INFO 2172 --- [           main] .s.d.r.c.RepositoryConfigurationDelegate : Bootstrapping Spring Data MongoDB repositories in DEFAULT mode.
2023-11-26T19:40:21.346-05:00  INFO 2172 --- [           main] .s.d.r.c.RepositoryConfigurationDelegate : Finished Spring Data repository scanning in 47 ms. Found 3 MongoDB repository interfaces.
2023-11-26T19:40:34.854-05:00  INFO 2172 --- [           main] org.mongodb.driver.client                : MongoClient with metadata {"driver": {"name": "mongo-java-driver|sync|spring-boot", "version": "4.9.1"}, "os": {"type": "Windows", "name": "Windows 10", "architecture": "amd64", "version": "10.0"}, "platform": "Java/Oracle Corporation/17.0.6+9-LTS-190"} created with settings MongoClientSettings{readPreference=primary, writeConcern=WriteConcern{w=null, wTimeout=null ms, journal=null}, retryWrites=true, retryReads=true, readConcern=ReadConcern{level=null}, credential=MongoCredential{mechanism=null, userName='mariaca2003', source='admin', password=<hidden>, mechanismProperties=<hidden>}, streamFactoryFactory=null, commandListeners=[], codecRegistry=ProvidersCodecRegistry{codecProviders=[ValueCodecProvider{}, BsonValueCodecProvider{}, DBRefCodecProvider{}, DBObjectCodecProvider{}, DocumentCodecProvider{}, CollectionCodecProvider{}, IterableCodecProvider{}, MapCodecProvider{}, GeoJsonCodecProvider{}, GridFSFileCodecProvider{}, Jsr310CodecProvider{}, JsonObjectCodecProvider{}, BsonCodecProvider{}, EnumCodecProvider{}, com.mongodb.client.model.mql.ExpressionCodecProvider@6c479fdf, com.mongodb.Jep395RecordCodecProvider@79d82f66]}, loggerSettings=LoggerSettings{maxDocumentLength=1000}, clusterSettings={hosts=[127.0.0.1:27017], srvHost=clustermaria.s6vfrmc.mongodb.net, srvServiceName=mongodb, mode=MULTIPLE, requiredClusterType=REPLICA_SET, requiredReplicaSetName='atlas-l1x71z-shard-0', serverSelector='null', clusterListeners='[]', serverSelectionTimeout='30000 ms', localThreshold='30000 ms'}, socketSettings=SocketSettings{connectTimeoutMS=10000, readTimeoutMS=0, receiveBufferSize=0, sendBufferSize=0}, heartbeatSocketSettings=SocketSettings{connectTimeoutMS=10000, readTimeoutMS=10000, receiveBufferSize=0, sendBufferSize=0}, connectionPoolSettings=ConnectionPoolSettings{maxSize=100, minSize=0, maxWaitTimeMS=120000, maxConnectionLifeTimeMS=0, maxConnectionIdleTimeMS=0, maintenanceInitialDelayMS=0, maintenanceFrequencyMS=60000, connectionPoolListeners=[], maxConnecting=2}, serverSettings=ServerSettings{heartbeatFrequencyMS=10000, minHeartbeatFrequencyMS=500, serverListeners='[]', serverMonitorListeners='[]'}, sslSettings=SslSettings{enabled=true, invalidHostNameAllowed=false, context=null}, applicationName='null', compressorList=[], uuidRepresentation=JAVA_LEGACY, serverApi=null, autoEncryptionSettings=null, contextProvider=null}
2023-11-26T19:40:37.814-05:00  INFO 2172 --- [           main] o.s.b.a.w.s.WelcomePageHandlerMapping    : Adding welcome page template: index
2023-11-26T19:40:37.950-05:00  INFO 2172 --- [           main] c.tickets.app.TicketsApplicationTests    : Started TicketsApplicationTests in 17.292 seconds (process running for 17.973)
2023-11-26T19:40:38.104-05:00  INFO 2172 --- [rmc.mongodb.net] org.mongodb.driver.cluster               : Adding discovered server ac-ozreogm-shard-00-02.s6vfrmc.mongodb.net:27017 to client view of cluster
2023-11-26T19:40:38.118-05:00  INFO 2172 --- [rmc.mongodb.net] org.mongodb.driver.cluster               : Adding discovered server ac-ozreogm-shard-00-00.s6vfrmc.mongodb.net:27017 to client view of cluster
2023-11-26T19:40:38.119-05:00  INFO 2172 --- [rmc.mongodb.net] org.mongodb.driver.cluster               : Adding discovered server ac-ozreogm-shard-00-01.s6vfrmc.mongodb.net:27017 to client view of cluster
]]></system-out>
  </testcase>
</testsuite>